          230  cd cs131
          231  mkdir Assignment2
          232  cd Assignment2
          233  touch Assignment2.txt
 TASK 1   234  find /etc -type f > one.txt 2> two.tx   
 TASK 1   235  cat one.txt                              
 TASK 1   236  cat two.txt                             
 TASK 2   235  wget https://raw.githubusercontent.com/jyotikahp/DemoRepoForCS131/main/Global%20YouTube%20Statistics.csv 
          236  ls
          237  touch youTubeStats.csv
          238  mv 'Global YouTube Statistics.csv' youTubeStats.csv
          239  ls
          240  vim youTubeStats.csv
 TASK 3   241  cut -d',' -f20,21 youTubeStats.csv | sort | uniq -c |sort -n | tail -n 3 > Assignment2.txt 
          242  vim Assignment2.txt
          243  whoami
 TASK 4   244  ps - u nicolesp24 >> Assignment2.txt 
 TASK 4   245  vi file.txt    
          246  vim Assignment2.txt
 TASK 5   247  ps aux | grep systemd >> Assignment2.txt 
          248  vim Assignment2.txt
          249  history > cmds.log
