  110  cd cs131      
  111  git status
  112  history > cmds.log
  113  mkdir Assignment1    # TASK 1
  114  cd Assignment1       # TASK 1
  115  touch Assignment1.txt
  116  echo $SHELL | tee Assignment1.txt    # TASK 2
  117  echo $HOME | tee -a Assignment1.txt  # TASK 3
  118  id | tee -a Assignment1.txt          # TASK 4
  119  mkdir myDir                 # TASK 5
  120  chmod u-w myDir             # TASK 5
  121  cd myDir                    # TASK 5
  122  ls -l                       # TASK 5
  123  touch myDirTest.txt         # TASK 5
  124  cd ..
  125  mkdir myDir2 myDir3    # TASK 6    
  126  cd myDir2                  # TASK 7 
  127  touch myFile.txt           # TASK 7 
  128  mv myFile.txt ../myDir3    # TASK 7 
  129  cd ..
  130  free --mebi | tee -a Assignment1.txt   # TASK 8
  131  grep '^VERSION' /etc/os-release | tee -a Assignments.txt    # TASK 9
  132  ls -l | grep 'os-release' | tee -a ~/cs131/Assignment1/Assignment1.txt   TASK 10
  133  vim Assignment1.txt
  134  history > cmds.log
